<?xml version="1.0" encoding="UTF-8"?>
<testng-results skipped="0" failed="0" total="1" passed="1">
  <reporter-output>
  </reporter-output>
  <suite name="INSIGHT Automation test suite" duration-ms="392844" started-at="2019-12-10T09:30:28Z" finished-at="2019-12-10T09:37:01Z">
    <groups>
    </groups>
    <test name="WebApplication" duration-ms="392844" started-at="2019-12-10T09:30:28Z" finished-at="2019-12-10T09:37:01Z">
      <class name="com.insight.WebTest.Cart.CRT07_SaveCartTest">
        <test-method status="PASS" signature="beforeSuite(org.testng.ITestContext, java.lang.String, java.lang.String)[pri:0, instance:com.insight.WebTest.Cart.CRT07_SaveCartTest@27462a88]" name="beforeSuite" is-config="true" duration-ms="59" started-at="2019-12-10T15:00:28Z" finished-at="2019-12-10T15:00:28Z">
          <params>
            <param index="0">
              <value>
                <![CDATA[org.testng.TestRunner@4ab550d5]]>
              </value>
            </param>
            <param index="1">
              <value>
                <![CDATA[Sequential]]>
              </value>
            </param>
            <param index="2">
              <value>
                <![CDATA[Regression]]>
              </value>
            </param>
          </params>
          <reporter-output>
          </reporter-output>
        </test-method> <!-- beforeSuite -->
        <test-method status="PASS" signature="beforeClass(java.lang.String, java.lang.String, java.lang.String, java.lang.String, java.lang.String, java.lang.String, java.lang.String, org.testng.ITestContext)[pri:0, instance:com.insight.WebTest.Cart.CRT07_SaveCartTest@27462a88]" name="beforeClass" is-config="true" duration-ms="619" started-at="2019-12-10T15:00:28Z" finished-at="2019-12-10T15:00:28Z">
          <params>
            <param index="0">
              <value>
                <![CDATA[selenium]]>
              </value>
            </param>
            <param index="1">
              <value>
                <![CDATA[chrome]]>
              </value>
            </param>
            <param index="2">
              <value>
                <![CDATA[76.0]]>
              </value>
            </param>
            <param index="3">
              <value>
                <![CDATA[local]]>
              </value>
            </param>
            <param index="4">
              <value>
                <![CDATA[windows 10]]>
              </value>
            </param>
            <param index="5">
              <value>
                <![CDATA[web]]>
              </value>
            </param>
            <param index="6">
              <value>
                <![CDATA[local]]>
              </value>
            </param>
            <param index="7">
              <value>
                <![CDATA[org.testng.TestRunner@4ab550d5]]>
              </value>
            </param>
          </params>
          <reporter-output>
          </reporter-output>
        </test-method> <!-- beforeClass -->
        <test-method status="PASS" signature="beforeMethod(java.lang.reflect.Method)[pri:0, instance:com.insight.WebTest.Cart.CRT07_SaveCartTest@27462a88]" name="beforeMethod" is-config="true" duration-ms="558" started-at="2019-12-10T15:00:28Z" finished-at="2019-12-10T15:00:29Z">
          <params>
            <param index="0">
              <value>
                <![CDATA[public void com.insight.WebTest.Cart.CRT07_SaveCartTest.Tc_CRT07(int,java.lang.String,boolean) throws java.lang.Throwable]]>
              </value>
            </param>
          </params>
          <reporter-output>
          </reporter-output>
        </test-method> <!-- beforeMethod -->
        <test-method status="PASS" signature="Tc_CRT07(int, java.lang.String, boolean)[pri:0, instance:com.insight.WebTest.Cart.CRT07_SaveCartTest@27462a88]" name="Tc_CRT07" duration-ms="391531" started-at="2019-12-10T15:00:29Z" finished-at="2019-12-10T15:07:00Z">
          <params>
            <param index="0">
              <value>
                <![CDATA[1]]>
              </value>
            </param>
            <param index="1">
              <value is-null="true"/>
            </param>
            <param index="2">
              <value>
                <![CDATA[false]]>
              </value>
            </param>
          </params>
          <reporter-output>
          </reporter-output>
        </test-method> <!-- Tc_CRT07 -->
        <test-method status="PASS" signature="afterMethod()[pri:0, instance:com.insight.WebTest.Cart.CRT07_SaveCartTest@27462a88]" name="afterMethod" is-config="true" duration-ms="111" started-at="2019-12-10T15:07:00Z" finished-at="2019-12-10T15:07:01Z">
          <reporter-output>
          </reporter-output>
        </test-method> <!-- afterMethod -->
        <test-method status="PASS" signature="afterClass(java.lang.String)[pri:0, instance:com.insight.WebTest.Cart.CRT07_SaveCartTest@27462a88]" name="afterClass" is-config="true" duration-ms="0" started-at="2019-12-10T15:07:01Z" finished-at="2019-12-10T15:07:01Z">
          <params>
            <param index="0">
              <value>
                <![CDATA[chrome]]>
              </value>
            </param>
          </params>
          <reporter-output>
          </reporter-output>
        </test-method> <!-- afterClass -->
        <test-method status="PASS" signature="afterSuite(org.testng.ITestContext, java.lang.String, java.lang.String)[pri:0, instance:com.insight.WebTest.Cart.CRT07_SaveCartTest@27462a88]" name="afterSuite" is-config="true" duration-ms="978" started-at="2019-12-10T15:07:01Z" finished-at="2019-12-10T15:07:02Z">
          <params>
            <param index="0">
              <value>
                <![CDATA[org.testng.TestRunner@4ab550d5]]>
              </value>
            </param>
            <param index="1">
              <value>
                <![CDATA[Sequential]]>
              </value>
            </param>
            <param index="2">
              <value>
                <![CDATA[Regression]]>
              </value>
            </param>
          </params>
          <reporter-output>
          </reporter-output>
        </test-method> <!-- afterSuite -->
      </class> <!-- com.insight.WebTest.Cart.CRT07_SaveCartTest -->
    </test> <!-- WebApplication -->
  </suite> <!-- INSIGHT Automation test suite -->
</testng-results>
